  LayoutUI.cpp
c:\users\jeffrey leong\source\repos\cpen333-amazoom\warehouse\warehouselayout\warehouselayout\layoutui.h(18): warning C4309: 'initializing': truncation of constant value
c:\users\jeffrey leong\source\repos\cpen333-amazoom\warehouse\warehouselayout\warehouselayout\layoutui.h(19): warning C4309: 'initializing': truncation of constant value
c:\users\jeffrey leong\source\repos\cpen333-amazoom\warehouse\warehouselayout\warehouselayout\layoutui.h(21): warning C4309: 'initializing': truncation of constant value
c:\users\jeffrey leong\source\repos\cpen333-amazoom\warehouse\warehouselayout\warehouselayout\layoutui.h(22): warning C4309: 'initializing': truncation of constant value
c:\users\jeffrey leong\source\repos\cpen333-amazoom\warehouse\warehouselayout\warehouselayout\layoutui.h(23): warning C4309: 'initializing': truncation of constant value
c:\users\jeffrey leong\source\repos\cpen333-amazoom\warehouse\warehouselayout\warehouselayout\layoutui.h(31): warning C4309: 'initializing': truncation of constant value
c:\users\jeffrey leong\source\repos\cpen333-amazoom\warehouse\warehouselayout\warehouselayout\layoutui.cpp(174): warning C4267: 'initializing': conversion from 'size_t' to 'char', possible loss of data
c:\users\jeffrey leong\source\repos\cpen333-amazoom\warehouse\warehouselayout\warehouselayout\layoutui.cpp(207): warning C4267: 'argument': conversion from 'size_t' to 'int', possible loss of data
  Generating Code...
  Compiling...
  main.cpp
c:\users\jeffrey leong\source\repos\cpen333-amazoom\warehouse\warehouselayout\warehouselayout\layoutui.h(18): warning C4309: 'initializing': truncation of constant value
c:\users\jeffrey leong\source\repos\cpen333-amazoom\warehouse\warehouselayout\warehouselayout\layoutui.h(19): warning C4309: 'initializing': truncation of constant value
c:\users\jeffrey leong\source\repos\cpen333-amazoom\warehouse\warehouselayout\warehouselayout\layoutui.h(21): warning C4309: 'initializing': truncation of constant value
c:\users\jeffrey leong\source\repos\cpen333-amazoom\warehouse\warehouselayout\warehouselayout\layoutui.h(22): warning C4309: 'initializing': truncation of constant value
c:\users\jeffrey leong\source\repos\cpen333-amazoom\warehouse\warehouselayout\warehouselayout\layoutui.h(23): warning C4309: 'initializing': truncation of constant value
c:\users\jeffrey leong\source\repos\cpen333-amazoom\warehouse\warehouselayout\warehouselayout\layoutui.h(31): warning C4309: 'initializing': truncation of constant value
c:\users\jeffrey leong\source\repos\cpen333-amazoom\warehouse\warehouselayout\warehouselayout\main.cpp(45): warning C4267: 'initializing': conversion from 'size_t' to 'int', possible loss of data
  Generating Code...
  WarehouseLayout.vcxproj -> C:\Users\Jeffrey Leong\Source\Repos\CPEN333-Amazoom\Warehouse\WarehouseLayout\x64\Debug\WarehouseLayout.exe
  WarehouseLayout.vcxproj -> C:\Users\Jeffrey Leong\Source\Repos\CPEN333-Amazoom\Warehouse\WarehouseLayout\x64\Debug\WarehouseLayout.pdb (Partial PDB)
